[    0.000000] Linux version 4.15.0-212-generic (buildd@lcy02-amd64-083) (gcc version 7.5.0 (Ubuntu 7.5.0-3ubuntu1~18.04)) #223-Ubuntu SMP Tue May 23 13:09:22 UTC 2023 (Ubuntu 4.15.0-212.223-generic 4.15.18)
[    0.000000] Command line: BOOT_IMAGE=/boot/vmlinuz-4.15.0-212-generic root=LABEL=cloudimg-rootfs ro console=tty1 console=ttyS0
[    0.000000] KERNEL supported cpus:
[    0.000000]   Intel GenuineIntel
[    0.000000]   AMD AuthenticAMD
[    0.000000]   Centaur CentaurHauls
[    0.000000] [Firmware Bug]: TSC doesn't count with P0 frequency!
[    0.000000] x86/fpu: x87 FPU will use FXSAVE
[    0.000000] e820: BIOS-provided physical RAM map:
[    0.000000] BIOS-e820: [mem 0x0000000000000000-0x000000000009fbff] usable
[    0.000000] BIOS-e820: [mem 0x000000000009fc00-0x000000000009ffff] reserved
[    0.000000] BIOS-e820: [mem 0x00000000000f0000-0x00000000000fffff] reserved
[    0.000000] BIOS-e820: [mem 0x0000000000100000-0x000000003ffeffff] usable
[    0.000000] BIOS-e820: [mem 0x000000003fff0000-0x000000003fffffff] ACPI data
[    0.000000] BIOS-e820: [mem 0x00000000fec00000-0x00000000fec00fff] reserved
[    0.000000] BIOS-e820: [mem 0x00000000fee00000-0x00000000fee00fff] reserved
[    0.000000] BIOS-e820: [mem 0x00000000fffc0000-0x00000000ffffffff] reserved
[    0.000000] NX (Execute Disable) protection: active
[    0.000000] SMBIOS 2.5 present.
[    0.000000] DMI: innotek GmbH VirtualBox/VirtualBox, BIOS VirtualBox 12/01/2006
[    0.000000] Hypervisor detected: KVM
[    0.000000] e820: last_pfn = 0x3fff0 max_arch_pfn = 0x400000000
[    0.000000] MTRR: Disabled
[    0.000000] x86/PAT: MTRRs disabled, skipping PAT initialization too.
[    0.000000] CPU MTRRs all blank - virtualized system.
[    0.000000] x86/PAT: Configuration [0-7]: WB  WT  UC- UC  WB  WT  UC- UC  
[    0.000000] found SMP MP-table at [mem 0x0009fff0-0x0009ffff]
[    0.000000] Scanning 1 areas for low memory corruption
[    0.000000] RAMDISK: [mem 0x359cb000-0x36cdcfff]
[    0.000000] ACPI: Early table checksum verification disabled
[    0.000000] ACPI: RSDP 0x00000000000E0000 000024 (v02 VBOX  )
[    0.000000] ACPI: XSDT 0x000000003FFF0030 00003C (v01 VBOX   VBOXXSDT 00000001 ASL  00000061)
[    0.000000] ACPI: FACP 0x000000003FFF00F0 0000F4 (v04 VBOX   VBOXFACP 00000001 ASL  00000061)
[    0.000000] ACPI: DSDT 0x000000003FFF0610 002353 (v02 VBOX   VBOXBIOS 00000002 INTL 20100528)
[    0.000000] ACPI: FACS 0x000000003FFF0200 000040
[    0.000000] ACPI: FACS 0x000000003FFF0200 000040
[    0.000000] ACPI: APIC 0x000000003FFF0240 00005C (v02 VBOX   VBOXAPIC 00000001 ASL  00000061)
[    0.000000] ACPI: SSDT 0x000000003FFF02A0 00036C (v01 VBOX   VBOXCPUT 00000002 INTL 20100528)
[    0.000000] ACPI: Reserving FACP table memory at [mem 0x3fff00f0-0x3fff01e3]
[    0.000000] ACPI: Reserving DSDT table memory at [mem 0x3fff0610-0x3fff2962]
[    0.000000] ACPI: Reserving FACS table memory at [mem 0x3fff0200-0x3fff023f]
[    0.000000] ACPI: Reserving FACS table memory at [mem 0x3fff0200-0x3fff023f]
[    0.000000] ACPI: Reserving APIC table memory at [mem 0x3fff0240-0x3fff029b]
[    0.000000] ACPI: Reserving SSDT table memory at [mem 0x3fff02a0-0x3fff060b]
[    0.000000] No NUMA configuration found
[    0.000000] Faking a node at [mem 0x0000000000000000-0x000000003ffeffff]
[    0.000000] NODE_DATA(0) allocated [mem 0x3ffc5000-0x3ffeffff]
[    0.000000] kvm-clock: cpu 0, msr 0:3ff44001, primary cpu clock
[    0.000000] kvm-clock: Using msrs 4b564d01 and 4b564d00
[    0.000000] kvm-clock: using sched offset of 5595889441 cycles
[    0.000000] clocksource: kvm-clock: mask: 0xffffffffffffffff max_cycles: 0x1cd42e4dffb, max_idle_ns: 881590591483 ns
[    0.000000] Zone ranges:
[    0.000000]   DMA      [mem 0x0000000000001000-0x0000000000ffffff]
[    0.000000]   DMA32    [mem 0x0000000001000000-0x000000003ffeffff]
[    0.000000]   Normal   empty
[    0.000000]   Device   empty
[    0.000000] Movable zone start for each node
[    0.000000] Early memory node ranges
[    0.000000]   node   0: [mem 0x0000000000001000-0x000000000009efff]
[    0.000000]   node   0: [mem 0x0000000000100000-0x000000003ffeffff]
[    0.000000] Reserved but unavailable: 104 pages
[    0.000000] Initmem setup node 0 [mem 0x0000000000001000-0x000000003ffeffff]
[    0.000000] ACPI: PM-Timer IO Port: 0x4008
[    0.000000] IOAPIC[0]: apic_id 2, version 32, address 0xfec00000, GSI 0-23
[    0.000000] ACPI: INT_SRC_OVR (bus 0 bus_irq 0 global_irq 2 dfl dfl)
[    0.000000] ACPI: INT_SRC_OVR (bus 0 bus_irq 9 global_irq 9 low level)
[    0.000000] Using ACPI (MADT) for SMP configuration information
[    0.000000] smpboot: Allowing 2 CPUs, 0 hotplug CPUs
[    0.000000] PM: Registered nosave memory: [mem 0x00000000-0x00000fff]
[    0.000000] PM: Registered nosave memory: [mem 0x0009f000-0x0009ffff]
[    0.000000] PM: Registered nosave memory: [mem 0x000a0000-0x000effff]
[    0.000000] PM: Registered nosave memory: [mem 0x000f0000-0x000fffff]
[    0.000000] e820: [mem 0x40000000-0xfebfffff] available for PCI devices
[    0.000000] Booting paravirtualized kernel on KVM
[    0.000000] clocksource: refined-jiffies: mask: 0xffffffff max_cycles: 0xffffffff, max_idle_ns: 7645519600211568 ns
[    0.000000] setup_percpu: NR_CPUS:8192 nr_cpumask_bits:2 nr_cpu_ids:2 nr_node_ids:1
[    0.000000] percpu: Embedded 50 pages/cpu s167936 r8192 d28672 u1048576
[    0.000000] PV qspinlock hash table entries: 256 (order: 0, 4096 bytes)
[    0.000000] Built 1 zonelists, mobility grouping on.  Total pages: 257913
[    0.000000] Policy zone: DMA32
[    0.000000] Kernel command line: BOOT_IMAGE=/boot/vmlinuz-4.15.0-212-generic root=LABEL=cloudimg-rootfs ro console=tty1 console=ttyS0
[    0.000000] Memory: 982644K/1048120K available (12300K kernel code, 2477K rwdata, 4324K rodata, 2480K init, 2720K bss, 65476K reserved, 0K cma-reserved)
[    0.000000] SLUB: HWalign=64, Order=0-3, MinObjects=0, CPUs=2, Nodes=1
[    0.000000] ftrace: allocating 39508 entries in 155 pages
[    0.004000] Hierarchical RCU implementation.
[    0.004000] 	RCU restricting CPUs from NR_CPUS=8192 to nr_cpu_ids=2.
[    0.004000] 	Tasks RCU enabled.
[    0.004000] RCU: Adjusting geometry for rcu_fanout_leaf=16, nr_cpu_ids=2
[    0.004000] NR_IRQS: 524544, nr_irqs: 440, preallocated irqs: 16
[    0.004000] random: crng init done
[    0.004000] Console: colour VGA+ 80x25
[    0.004000] console [tty1] enabled
[    0.004000] console [ttyS0] enabled
[    0.004000] ACPI: Core revision 20170831
[    0.004000] ACPI: 2 ACPI AML tables successfully acquired and loaded
[    0.004000] APIC: Switch to symmetric I/O mode setup
[    0.004000] ..TIMER: vector=0x30 apic1=0 pin1=2 apic2=-1 pin2=-1
[    0.004012] tsc: Detected 2095.966 MHz processor
[    0.008056] Calibrating delay loop (skipped) preset value.. 4191.93 BogoMIPS (lpj=8383864)
[    0.012013] pid_max: default: 32768 minimum: 301
[    0.016222] Security Framework initialized
[    0.024009] Yama: becoming mindful.
[    0.032012] AppArmor: AppArmor initialized
[    0.064897] Dentry cache hash table entries: 131072 (order: 8, 1048576 bytes)
[    0.081855] Inode-cache hash table entries: 65536 (order: 7, 524288 bytes)
[    0.084296] Mount-cache hash table entries: 2048 (order: 2, 16384 bytes)
[    0.088264] Mountpoint-cache hash table entries: 2048 (order: 2, 16384 bytes)
[    0.096313] Last level iTLB entries: 4KB 1024, 2MB 1024, 4MB 512
[    0.100013] Last level dTLB entries: 4KB 1536, 2MB 1536, 4MB 768, 1GB 0
[    0.104012] Spectre V1 : Mitigation: usercopy/swapgs barriers and __user pointer sanitization
[    0.108010] Spectre V2 : Mitigation: Retpolines
[    0.112009] Spectre V2 : Spectre v2 / SpectreRSB mitigation: Filling RSB on context switch
[    0.116009] Spectre V2 : Spectre v2 / SpectreRSB : Filling RSB on VMEXIT
[    0.124007] RETBleed: Vulnerable
[    0.128283] Freeing SMP alternatives memory: 36K
[    0.252848] APIC calibration not consistent with PM-Timer: 104ms instead of 100ms
[    0.256000] APIC delta adjusted to PM-Timer: 6277654 (6565043)
[    0.256912] smpboot: CPU0: AMD Ryzen 5 3500U with Radeon Vega Mobile Gfx (family: 0x17, model: 0x18, stepping: 0x1)
[    0.261645] Performance Events: PMU not available due to virtualization, using software events only.
[    0.264538] Hierarchical SRCU implementation.
[    0.274951] NMI watchdog: Perf event create on CPU 0 failed with -2
[    0.276009] NMI watchdog: Perf NMI watchdog permanently disabled
[    0.281429] smp: Bringing up secondary CPUs ...
[    0.288323] x86: Booting SMP configuration:
[    0.292010] .... node  #0, CPUs:      #1
[    0.004000] kvm-clock: cpu 1, msr 0:3ff44041, secondary cpu clock
[    0.316000] TSC synchronization [CPU#0 -> CPU#1]:
[    0.316000] Measured 149241 cycles TSC warp between CPUs, turning off TSC clock.
[    0.316000] tsc: Marking TSC unstable due to check_tsc_sync_source failed
[    0.320679] smp: Brought up 1 node, 2 CPUs
[    0.324016] smpboot: Max logical packages: 1
[    0.328015] smpboot: Total of 2 processors activated (8383.86 BogoMIPS)
[    0.336284] devtmpfs: initialized
[    0.353500] x86/mm: Memory block size: 128MB
[    0.369385] evm: security.selinux
[    0.380012] evm: security.SMACK64
[    0.392011] evm: security.SMACK64EXEC
[    0.412115] evm: security.SMACK64TRANSMUTE
[    0.428011] evm: security.SMACK64MMAP
[    0.444017] evm: security.apparmor
[    0.456008] evm: security.ima
[    0.460010] evm: security.capability
[    0.473168] clocksource: jiffies: mask: 0xffffffff max_cycles: 0xffffffff, max_idle_ns: 7645041785100000 ns
[    0.496043] futex hash table entries: 512 (order: 3, 32768 bytes)
[    0.512953] pinctrl core: initialized pinctrl subsystem
[    0.529401] RTC time:  9:27:58, date: 06/04/24
[    0.541858] NET: Registered protocol family 16
[    0.552391] audit: initializing netlink subsys (disabled)
[    0.568026] audit: type=2000 audit(1717493284.392:1): state=initialized audit_enabled=0 res=1
[    0.576008] cpuidle: using governor ladder
[    0.580486] cpuidle: using governor menu
[    0.596223] ACPI: bus type PCI registered
[    0.604014] acpiphp: ACPI Hot Plug PCI Controller Driver version: 0.5
[    0.617381] PCI: Using configuration type 1 for base access
[    0.628005] PCI: Using configuration type 1 for extended access
[    0.644616] HugeTLB registered 2.00 MiB page size, pre-allocated 0 pages
[    0.656743] ACPI: Added _OSI(Module Device)
[    0.660009] ACPI: Added _OSI(Processor Device)
[    0.664006] ACPI: Added _OSI(3.0 _SCP Extensions)
[    0.668013] ACPI: Added _OSI(Processor Aggregator Device)
[    0.672018] ACPI: Added _OSI(Linux-Dell-Video)
[    0.676018] ACPI: Added _OSI(Linux-Lenovo-NV-HDMI-Audio)
[    0.680017] ACPI: Added _OSI(Linux-HPI-Hybrid-Graphics)
[    0.688536] ACPI: Executed 1 blocks of module-level executable AML code
[    0.707717] ACPI: Interpreter enabled
[    0.712061] ACPI: (supports S0 S5)
[    0.716020] ACPI: Using IOAPIC for interrupt routing
[    0.720978] PCI: Using host bridge windows from ACPI; if necessary, use "pci=nocrs" and report a bug
[    0.724543] ACPI: Enabled 2 GPEs in block 00 to 07
[    0.748872] ACPI: PCI Root Bridge [PCI0] (domain 0000 [bus 00-ff])
[    0.752027] acpi PNP0A03:00: _OSC: OS supports [ExtendedConfig ASPM ClockPM Segments MSI]
[    0.758784] acpi PNP0A03:00: _OSC: platform does not support [PCIeCapability]
[    0.764419] acpi PNP0A03:00: _OSC: not requesting control; platform does not support [PCIeCapability]
[    0.768013] acpi PNP0A03:00: _OSC: OS requested [PCIeHotplug PME AER PCIeCapability]
[    0.772012] acpi PNP0A03:00: _OSC: platform willing to grant [PCIeHotplug PME AER]
[    0.776012] acpi PNP0A03:00: _OSC failed (AE_SUPPORT); disabling ASPM
[    0.781465] PCI host bridge to bus 0000:00
[    0.784010] pci_bus 0000:00: root bus resource [io  0x0000-0x0cf7 window]
[    0.788013] pci_bus 0000:00: root bus resource [io  0x0d00-0xffff window]
[    0.792013] pci_bus 0000:00: root bus resource [mem 0x000a0000-0x000bffff window]
[    0.796011] pci_bus 0000:00: root bus resource [mem 0x40000000-0xfdffffff window]
[    0.800013] pci_bus 0000:00: root bus resource [bus 00-ff]
[    0.820628] pci 0000:00:01.1: legacy IDE quirk: reg 0x10: [io  0x01f0-0x01f7]
[    0.824010] pci 0000:00:01.1: legacy IDE quirk: reg 0x14: [io  0x03f6]
[    0.828009] pci 0000:00:01.1: legacy IDE quirk: reg 0x18: [io  0x0170-0x0177]
[    0.832011] pci 0000:00:01.1: legacy IDE quirk: reg 0x1c: [io  0x0376]
[    0.887610] pci 0000:00:07.0: quirk: [io  0x4000-0x403f] claimed by PIIX4 ACPI
[    0.888104] pci 0000:00:07.0: quirk: [io  0x4100-0x410f] claimed by PIIX4 SMB
[    0.925671] ACPI: PCI Interrupt Link [LNKA] (IRQs 5 9 10 *11)
[    0.929228] ACPI: PCI Interrupt Link [LNKB] (IRQs 5 9 *10 11)
[    0.936465] ACPI: PCI Interrupt Link [LNKC] (IRQs 5 *9 10 11)
[    0.944450] ACPI: PCI Interrupt Link [LNKD] (IRQs 5 9 10 *11)
[    0.952914] SCSI subsystem initialized
[    0.956684] pci 0000:00:02.0: vgaarb: setting as boot VGA device
[    0.960000] pci 0000:00:02.0: vgaarb: VGA device added: decodes=io+mem,owns=io+mem,locks=none
[    0.960016] pci 0000:00:02.0: vgaarb: bridge control possible
[    0.964009] vgaarb: loaded
[    0.968121] ACPI: bus type USB registered
[    0.972105] usbcore: registered new interface driver usbfs
[    0.976105] usbcore: registered new interface driver hub
[    0.980162] usbcore: registered new device driver usb
[    0.988361] EDAC MC: Ver: 3.0.0
[    1.001171] PCI: Using ACPI for IRQ routing
[    1.005542] NetLabel: Initializing
[    1.012010] NetLabel:  domain hash size = 128
[    1.016004] NetLabel:  protocols = UNLABELED CIPSOv4 CALIPSO
[    1.020038] NetLabel:  unlabeled traffic allowed by default
[    1.028344] clocksource: Switched to clocksource kvm-clock
[    1.179544] VFS: Disk quotas dquot_6.6.0
[    1.188278] VFS: Dquot-cache hash table entries: 512 (order 0, 4096 bytes)
[    1.201397] AppArmor: AppArmor Filesystem Enabled
[    1.211826] pnp: PnP ACPI init
[    1.222867] pnp: PnP ACPI: found 3 devices
[    1.298619] clocksource: acpi_pm: mask: 0xffffff max_cycles: 0xffffff, max_idle_ns: 2085701024 ns
[    1.314234] NET: Registered protocol family 2
[    1.325084] IP idents hash table entries: 16384 (order: 5, 131072 bytes)
[    1.338012] TCP established hash table entries: 8192 (order: 4, 65536 bytes)
[    1.350335] TCP bind hash table entries: 8192 (order: 5, 131072 bytes)
[    1.363159] TCP: Hash tables configured (established 8192 bind 8192)
[    1.376839] UDP hash table entries: 512 (order: 2, 16384 bytes)
[    1.386266] UDP-Lite hash table entries: 512 (order: 2, 16384 bytes)
[    1.402953] NET: Registered protocol family 1
[    1.416853] pci 0000:00:00.0: Limiting direct PCI/PCI transfers
[    1.432014] pci 0000:00:01.0: Activating ISA DMA hang workarounds
[    1.445773] pci 0000:00:02.0: Video device with shadowed ROM at [mem 0x000c0000-0x000dffff]
[    1.462225] Unpacking initramfs...
[    2.740093] Freeing initrd memory: 19528K
[    2.747342] clocksource: tsc: mask: 0xffffffffffffffff max_cycles: 0x1e364dd37af, max_idle_ns: 440795310267 ns
[    2.766265] platform rtc_cmos: registered platform RTC device (no PNP device found)
[    2.780199] Scanning for low memory corruption every 60 seconds
[    2.794137] Initialise system trusted keyrings
[    2.803642] Key type blacklist registered
[    2.811428] workingset: timestamp_bits=36 max_order=18 bucket_order=0
[    2.828862] zbud: loaded
[    2.838372] squashfs: version 4.0 (2009/01/31) Phillip Lougher
[    2.853608] fuse init (API version 7.26)
[    2.922775] Key type asymmetric registered
[    2.930479] Asymmetric key parser 'x509' registered
[    2.939069] Block layer SCSI generic (bsg) driver version 0.4 loaded (major 246)
[    2.955314] io scheduler noop registered
[    2.964145] io scheduler deadline registered
[    2.973817] io scheduler cfq registered (default)
[    2.986601] ACPI: AC Adapter [AC] (on-line)
[    2.998393] input: Power Button as /devices/LNXSYSTM:00/LNXPWRBN:00/input/input0
[    3.013890] ACPI: Power Button [PWRF]
[    3.021389] input: Sleep Button as /devices/LNXSYSTM:00/LNXSLPBN:00/input/input1
[    3.035642] ACPI: Sleep Button [SLPF]
[    3.047952] Serial: 8250/16550 driver, 32 ports, IRQ sharing enabled
[    3.050877] ACPI: Battery Slot [BAT0] (battery present)
[    3.106335] 00:02: ttyS0 at I/O 0x3f8 (irq = 4, base_baud = 115200) is a 16550A
[    3.163157] Linux agpgart interface v0.103
[    3.209325] loop: module loaded
[    3.220995] scsi host0: ata_piix
[    3.230027] scsi host1: ata_piix
[    3.237291] ata1: PATA max UDMA/33 cmd 0x1f0 ctl 0x3f6 bmdma 0xd000 irq 14
[    3.240961] ata2: PATA max UDMA/33 cmd 0x170 ctl 0x376 bmdma 0xd008 irq 15
[    3.267267] tun: Universal TUN/TAP device driver, 1.6
[    3.277918] PPP generic driver version 2.4.2
[    3.287624] ehci_hcd: USB 2.0 'Enhanced' Host Controller (EHCI) Driver
[    3.300555] ehci-pci: EHCI PCI platform driver
[    3.310294] ehci-platform: EHCI generic platform driver
[    3.322437] ohci_hcd: USB 1.1 'Open' Host Controller (OHCI) Driver
[    3.336700] ohci-pci: OHCI PCI platform driver
[    3.349988] ohci-platform: OHCI generic platform driver
[    3.362849] uhci_hcd: USB Universal Host Controller Interface driver
[    3.374752] i8042: PNP: PS/2 Controller [PNP0303:PS2K,PNP0f03:PS2M] at 0x60,0x64 irq 1,12
[    3.395468] serio: i8042 KBD port at 0x60,0x64 irq 1
[    3.403822] serio: i8042 AUX port at 0x60,0x64 irq 12
[    3.413092] mousedev: PS/2 mouse device common for all mice
[    3.427710] rtc_cmos rtc_cmos: rtc core: registered rtc_cmos as rtc0
[    3.449367] rtc_cmos rtc_cmos: alarms up to one day, 114 bytes nvram
[    3.460749] i2c /dev entries driver
[    3.467953] device-mapper: uevent: version 1.0.3
[    3.477658] device-mapper: ioctl: 4.37.0-ioctl (2017-09-20) initialised: dm-devel@redhat.com
[    3.520873] ledtrig-cpu: registered to indicate activity on CPUs
[    3.534488] input: AT Translated Set 2 keyboard as /devices/platform/i8042/serio0/input/input2
[    3.536142] NET: Registered protocol family 10
[    3.586501] Segment Routing with IPv6
[    3.593491] NET: Registered protocol family 17
[    3.603073] Key type dns_resolver registered
[    3.610925] mce: Using 0 MCE banks
[    3.616938] RAS: Correctable Errors collector initialized.
[    3.625308] sched_clock: Marking stable (3625211386, 0)->(5439130516, -1813919130)
[    3.642547] registered taskstats version 1
[    3.651456] Loading compiled-in X.509 certificates
[    3.669024] Loaded X.509 cert 'Build time autogenerated kernel key: b5b26778eaa3ab3a4a6cee031137706e947d12ad'
[    3.684010] Loaded X.509 cert 'Canonical Ltd. Live Patch Signing: 14df34d1a87cf37625abec039ef2bf521249b969'
[    3.698587] Loaded X.509 cert 'Canonical Ltd. Kernel Module Signing: 88f752e560a1e0737e31163a466ad7b70a850c19'
[    3.717265] blacklist: Loading compiled-in revocation X.509 certificates
[    3.730716] Loaded X.509 cert 'Canonical Ltd. Secure Boot Signing: 61482aa2830d0ab2ad5af10b7250da9033ddcef0'
[    3.746578] Loaded X.509 cert 'Canonical Ltd. Secure Boot Signing (2017): 242ade75ac4a15e50d50c84b0d45ff3eae707a03'
[    3.769132] Loaded X.509 cert 'Canonical Ltd. Secure Boot Signing (ESM 2018): 365188c1d374d6b07c3c8f240f8ef722433d6a8b'
[    3.790247] Loaded X.509 cert 'Canonical Ltd. Secure Boot Signing (2019): c0746fd6c5da3ae827864651ad66ae47fe24b3e8'
[    3.812672] Loaded X.509 cert 'Canonical Ltd. Secure Boot Signing (2021 v1): a8d54bbb3825cfb94fa13c9f8a594a195c107b8d'
[    3.838125] Loaded X.509 cert 'Canonical Ltd. Secure Boot Signing (2021 v2): 4cf046892d6fd3c9a5b03f98d845f90851dc6a8c'
[    3.859355] Loaded X.509 cert 'Canonical Ltd. Secure Boot Signing (2021 v3): 100437bb6de6e469b581e61cd66bce3ef4ed53af'
[    3.875019] Loaded X.509 cert 'Canonical Ltd. Secure Boot Signing (Ubuntu Core 2019): c1d57b8f6b743f23ee41f4f7ee292f06eecadfb9'
[    3.891889] zswap: loaded using pool lzo/zbud
[    3.918743] Key type big_key registered
[    3.925850] Key type trusted registered
[    3.939394] Key type encrypted registered
[    3.948966] AppArmor: AppArmor sha1 policy hashing enabled
[    3.958833] ima: No TPM chip found, activating TPM-bypass! (rc=-19)
[    3.970835] ima: Allocated hash algorithm: sha1
[    3.979798] evm: HMAC attrs: 0x1
[    3.987891]   Magic number: 12:179:474
[    3.996791] rtc_cmos rtc_cmos: setting system clock to 2024-06-04 09:28:02 UTC (1717493282)
[    4.014413] BIOS EDD facility v0.16 2004-Jun-25, 0 devices found
[    4.025628] EDD information not available.
[    4.040623] Freeing unused kernel image memory: 2480K
[    4.072457] Write protecting the kernel read-only data: 20480k
[    4.084979] Freeing unused kernel image memory: 2008K
[    4.094864] Freeing unused kernel image memory: 1820K
[    4.115582] x86/mm: Checked W+X mappings: passed, no W+X pages found.
Loading, please wait...
starting version 237
[    4.330280] e1000: Intel(R) PRO/1000 Network Driver - version 7.3.21-k8-NAPI
[    4.350663] e1000: Copyright (c) 1999-2006 Intel Corporation.
[    4.457343] Fusion MPT base driver 3.04.20
[    4.465266] Copyright (c) 1999-2008 LSI Corporation
[    4.489342] SSE version of gcm_enc/dec engaged.
[    4.509139] Fusion MPT SPI Host driver 3.04.20
[    4.774743] input: ImExPS/2 Generic Explorer Mouse as /devices/platform/i8042/serio1/input/input4
[    5.536853] e1000 0000:00:03.0 eth0: (PCI:33MHz:32-bit) 02:3b:7b:b7:3b:2d
[    5.546893] e1000 0000:00:03.0 eth0: Intel(R) PRO/1000 Network Connection
[    5.561475] mptbase: ioc0: Initiating bringup
[    5.684942] ioc0: LSI53C1030 A0: Capabilities={Initiator}
[    5.957580] scsi host2: ioc0: LSI53C1030 A0, FwRev=00000000h, Ports=1, MaxQ=256, IRQ=20
[    6.142690] scsi 2:0:0:0: Direct-Access     VBOX     HARDDISK         1.0  PQ: 0 ANSI: 5
[    6.292150] scsi target2:0:0: Beginning Domain Validation
[    6.338635] scsi target2:0:0: Domain Validation skipping write tests
[    6.350770] scsi target2:0:0: Ending Domain Validation
[    6.362560] scsi target2:0:0: asynchronous
[    6.374282] scsi 2:0:1:0: Direct-Access     VBOX     HARDDISK         1.0  PQ: 0 ANSI: 5
[    6.752490] scsi target2:0:1: Beginning Domain Validation
[    6.781142] scsi target2:0:1: Domain Validation skipping write tests
[    6.791488] scsi target2:0:1: Ending Domain Validation
[    6.801899] scsi target2:0:1: asynchronous
[    6.832468] sd 2:0:0:0: [sda] 83886080 512-byte logical blocks: (42.9 GB/40.0 GiB)
[    6.846901] sd 2:0:0:0: Attached scsi generic sg0 type 0
[    6.862472] sd 2:0:0:0: [sda] Write Protect is off
[    6.880321] sd 2:0:1:0: Attached scsi generic sg1 type 0
[    6.890251] sd 2:0:0:0: [sda] Incomplete mode parameter data
[    6.904495] sd 2:0:0:0: [sda] Assuming drive cache: write through
[    6.920889] sd 2:0:1:0: [sdb] 20480 512-byte logical blocks: (10.5 MB/10.0 MiB)
[    6.938489] sd 2:0:1:0: [sdb] Write Protect is off
[    6.951749] sd 2:0:1:0: [sdb] Incomplete mode parameter data
[    6.972388] sd 2:0:1:0: [sdb] Assuming drive cache: write through
[    6.986270]  sda: sda1
[    7.001024] sd 2:0:0:0: [sda] Attached SCSI disk
[    7.027181] sd 2:0:1:0: [sdb] Attached SCSI disk
[    7.296667] e1000 0000:00:08.0 eth1: (PCI:33MHz:32-bit) 08:00:27:10:53:ec
[    7.313711] e1000 0000:00:08.0 eth1: Intel(R) PRO/1000 Network Connection
[    7.337875] e1000 0000:00:08.0 enp0s8: renamed from eth1
[    7.372657] e1000 0000:00:03.0 enp0s3: renamed from eth0
Begin: Loading essential drivers ... [   10.208737] raid6: sse2x1   gen()  5397 MB/s
[   10.260859] raid6: sse2x1   xor()  5910 MB/s
[   10.316353] raid6: sse2x2   gen() 11220 MB/s
[   10.372342] raid6: sse2x2   xor()  6449 MB/s
[   10.428471] raid6: sse2x4   gen()  7223 MB/s
[   10.485024] raid6: sse2x4   xor()  5936 MB/s
[   10.491660] raid6: using algorithm sse2x2 gen() 11220 MB/s
[   10.499929] raid6: .... xor() 6449 MB/s, rmw enabled
[   10.509126] raid6: using ssse3x2 recovery algorithm
[   10.519072] xor: measuring software checksum speed
[   10.564660]    prefetch64-sse: 11475.000 MB/sec
[   10.608161]    generic_sse: 12045.000 MB/sec
[   10.614557] xor: using function: generic_sse (12045.000 MB/sec)
[   10.629347] async_tx: api initialized (async)
done.
Begin: Running /scripts/init-premount ... done.
Begin: Mounting root file system ... Begin: Running /scripts/local-top ... done.
Begin: Running /scripts/local-premount ... [   10.776671] Btrfs loaded, crc32c=crc32c-intel
Scanning for Btrfs filesystems
done.
Warning: fsck not present, so skipping root file system
[   10.888301] EXT4-fs (sda1): mounted filesystem with ordered data mode. Opts: (null)
done.
Begin: Running /scripts/local-bottom ... done.
Begin: Running /scripts/init-bottom ... done.
[   11.338285] ip_tables: (C) 2000-2006 Netfilter Core Team
[   11.378867] systemd[1]: systemd 237 running in system mode. (+PAM +AUDIT +SELINUX +IMA +APPARMOR +SMACK +SYSVINIT +UTMP +LIBCRYPTSETUP +GCRYPT +GNUTLS +ACL +XZ +LZ4 +SECCOMP +BLKID +ELFUTILS +KMOD -IDN2 +IDN -PCRE2 default-hierarchy=hybrid)
[   11.413099] systemd[1]: Detected virtualization oracle.
[   11.421352] systemd[1]: Detected architecture x86-64.

Welcome to [1mUbuntu 18.04.6 LTS[0m!

[   11.495916] systemd[1]: Set hostname to <ubuntu>.
[   11.516813] systemd[1]: Initializing machine ID from random generator.
[   11.529889] systemd[1]: Installed transient /etc/machine-id file.
[   12.318700] systemd[1]: Reached target Mounting snaps.
[[0;32m  OK  [0m] Reached target Mounting snaps.
[   12.377609] systemd[1]: Created slice User and Session Slice.
[[0;32m  OK  [0m] Created slice User and Session Slice.
[   12.395708] systemd[1]: Reached target Swap.
[[0;32m  OK  [0m] Reached target Swap.
[   12.414131] systemd[1]: Created slice System Slice.
[[0;32m  OK  [0m] Created slice System Slice.
[[0;32m  OK  [0m] Listening on LVM2 metadata daemon socket.
[[0;32m  OK  [0m] Listening on fsck to fsckd communication Socket.
[[0;32m  OK  [0m] Reached target Slices.
[[0;32m  OK  [0m] Listening on Journal Socket (/dev/log).
[[0;32m  OK  [0m] Listening on Network Service Netlink Socket.
[[0;32m  OK  [0m] Listening on LVM2 poll daemon socket.
[[0;32m  OK  [0m] Created slice system-serial\x2dgetty.slice.
[[0;32m  OK  [0m] Listening on Journal Audit Socket.
[[0;32m  OK  [0m] Listening on udev Control Socket.
[[0;32m  OK  [0m] Listening on udev Kernel Socket.
[[0;32m  OK  [0m] Listening on /dev/initctl Compatibility Named Pipe.
[[0;32m  OK  [0m] Listening on Syslog Socket.
[[0;32m  OK  [0m] Started Forward Password Requests to Wall Directory Watch.
[[0;32m  OK  [0m] Reached target Mounted snaps.
[[0;32m  OK  [0m] Reached target User and Group Name Lookups.
[[0;32m  OK  [0m] Reached target System Time Synchronized.
[[0;32m  OK  [0m] Set up automount Arbitrary Executab…rmats File System Automount Point.
[[0;32m  OK  [0m] Listening on Device-mapper event daemon FIFOs.
[[0;32m  OK  [0m] Listening on Journal Socket.
         Starting Load Kernel Modules...
         Starting Uncomplicated firewall...
         Starting Create list of required st…ce nodes for the current kernel...
[   12.616768] Loading iSCSI transport class v2.0-870.
         Starting Journal Service...
         Mounting Huge Pages File System...
         Starting udev Coldplug all Devices...[   12.702370] iscsi: registered transport (tcp)

         Starting Set the console keyboard layout...
         Mounting Kernel Debug File System...
         Starting File System Check on Root Device...
         Starting Monitoring of LVM2 mirrors…ng dmeventd or progress polling...
         Mounting POSIX Message Queue File System...
[[0;32m  OK  [0m] Started Journal Service.
[[0;32m  OK  [0m] Started Uncomplicated firewall.
[[0;32m  OK  [0m] Started Create list of required sta…vice nodes for the current kernel.
[[0;32m  OK  [0m] Mounted Huge Pages File System.
[[0;32m  OK  [0m] Mounted Kernel Debug File System.
[[0;32m  OK  [0m] Mounted POSIX Message Queue File System.
[[0;32m  OK  [0m] Started LVM2 metadata daemon.
[[0;32m  OK  [0m] Started File System Check Daemon to report status.
         Starting Create Static Device Nodes in /dev...
[[0;32m  OK  [0m] Started udev Coldplug all Devices.
[[0;32m  OK  [0m] Started File System Check on Root Device.
         Starting Remount Root and Kernel File Systems...
[[0;32m  OK  [0m] Started Create Static Device Nodes in /dev.
[   13.145588] EXT4-fs (sda1): re-mounted. Opts: (null)
[[0;32m  OK  [0m] Started Remount Root and Kernel File Systems.
         Starting udev Kernel Device Manager...
         Starting Load/Save Random Seed...
         Starting Flush Journal to Persistent Storage...
[[0;32m  OK  [0m] Started Monitoring of LVM2 mirrors,…sing dmeventd or progress polling.
[   13.244725] iscsi: registered transport (iser)
[[0;32m  OK  [0m] Started Load Kernel Modules.
         Starting Apply Kernel Variables...
         Mounting Kernel Configuration File System...
         Mounting FUSE Control File System...
[   13.304521] systemd-journald[401]: Received request to flush runtime journal from PID 1
[[0;32m  OK  [0m] Mounted Kernel Configuration File System.
[[0;32m  OK  [0m] Mounted FUSE Control File System.
[[0;32m  OK  [0m] Started Load/Save Random Seed.
[[0;32m  OK  [0m] Started udev Kernel Device Manager.
[[0;32m  OK  [0m] Started Apply Kernel Variables.
[[0;32m  OK  [0m] Started Flush Journal to Persistent Storage.
[[0;32m  OK  [0m] Found device /dev/ttyS0.
[[0;32m  OK  [0m] Listening on Load/Save RF Kill Switch Status /dev/rfkill Watch.
[[0;32m  OK  [0m] Started Set the console keyboard layout.
[[0;32m  OK  [0m] Started Dispatch Password Requests to Console Directory Watch.
[[0;32m  OK  [0m] Reached target Local Encrypted Volumes.
[[0;32m  OK  [0m] Reached target Local File Systems (Pre).
[[0;32m  OK  [0m] Reached target Local File Systems.
         Starting Create Volatile Files and Directories...
         Starting ebtables ruleset management...
         Starting Tell Plymouth To Write Out Runtime Data...
         Starting Set console font and keymap...
         Starting AppArmor initialization...
         Starting Commit a transient machine-id on disk...
[[0;32m  OK  [0m] Started Tell Plymouth To Write Out Runtime Data.
[[0;32m  OK  [0m] Started Create Volatile Files and Directories.
         Starting Update UTMP about System Boot/Shutdown...
[[0;32m  OK  [0m] Started Update UTMP about System Boot/Shutdown.
[[0;32m  OK  [0m] Started Commit a transient machine-id on disk.
[[0;32m  OK  [0m] Started ebtables ruleset management.
         Mounting Arbitrary Executable File Formats File System...
[[0;32m  OK  [0m] Mounted Arbitrary Executable File Formats File System.
[[0;32m  OK  [0m] Started AppArmor initialization.
         Starting Initial cloud-init job (pre-networking)...
         Starting Load AppArmor profiles managed internally by snapd...
[[0;32m  OK  [0m] Started Load AppArmor profiles managed internally by snapd.
[[0;32m  OK  [0m] Started Set console font and keymap.
[   22.230436] cloud-init[759]: Cloud-init v. 23.1.2-0ubuntu0~18.04.1 running 'init-local' at Tue, 04 Jun 2024 09:28:19 +0000. Up 21.40 seconds.
[[0;32m  OK  [0m] Started Initial cloud-init job (pre-networking).
[[0;32m  OK  [0m] Reached target Network (Pre).
         Starting Network Service...
[[0;32m  OK  [0m] Started Network Service.
         Starting Network Name Resolution...
         Starting Wait for Network to be Configured...
[[0;32m  OK  [0m] Started Network Name Resolution.
[[0;32m  OK  [0m] Reached target Network.
[[0;32m  OK  [0m] Reached target Host and Network Name Lookups.
[[0;32m  OK  [0m] Started Wait for Network to be Configured.
         Starting Initial cloud-init job (metadata service crawler)...
[   25.222693] cloud-init[910]: Cloud-init v. 23.1.2-0ubuntu0~18.04.1 running 'init' at Tue, 04 Jun 2024 09:28:23 +0000. Up 24.90 seconds.
[   25.240876] cloud-init[910]: ci-info: ++++++++++++++++++++++++++++++++++++++Net device info+++++++++++++++++++++++++++++++++++++++
[   25.258360] cloud-init[910]: ci-info: +--------+-------+----------------------------+---------------+--------+-------------------+
[   25.277570] cloud-init[910]: ci-info: | Device |   Up  |          Address           |      Mask     | Scope  |     Hw-Address    |
[   25.295615] cloud-init[910]: ci-info: +--------+-------+----------------------------+---------------+--------+-------------------+
[   25.316447] cloud-init[910]: ci-info: | enp0s3 |  True |         10.0.2.15          | 255.255.255.0 | global | 02:3b:7b:b7:3b:2d |
[   25.339723] cloud-init[910]: ci-info: | enp0s3 |  True | fe80::3b:7bff:feb7:3b2d/64 |       .       |  link  | 02:3b:7b:b7:3b:2d |
[   25.366115] cloud-init[910]: ci-info: | enp0s8 | False |             .              |       .       |   .    | 08:00:27:10:53:ec |
[   25.390193] cloud-init[910]: ci-info: |   lo   |  True |         127.0.0.1          |   255.0.0.0   |  host  |         .         |
[   25.415145] cloud-init[910]: ci-info: |   lo   |  True |          ::1/128           |       .       |  host  |         .         |
[   25.439654] cloud-init[910]: ci-info: +--------+-------+----------------------------+---------------+--------+-------------------+
[   25.459772] cloud-init[910]: ci-info: ++++++++++++++++++++++++++++Route IPv4 info+++++++++++++++++++++++++++++
[   25.479627] cloud-init[910]: ci-info: +-------+-------------+----------+-----------------+-----------+-------+
[   25.499519] cloud-init[910]: ci-info: | Route | Destination | Gateway  |     Genmask     | Interface | Flags |
[   25.521835] cloud-init[910]: ci-info: +-------+-------------+----------+-----------------+-----------+-------+
[   25.541923] cloud-init[910]: ci-info: |   0   |   0.0.0.0   | 10.0.2.2 |     0.0.0.0     |   enp0s3  |   UG  |
[   25.559232] cloud-init[910]: ci-info: |   1   |   10.0.2.0  | 0.0.0.0  |  255.255.255.0  |   enp0s3  |   U   |
[   25.577913] cloud-init[910]: ci-info: |   2   |   10.0.2.2  | 0.0.0.0  | 255.255.255.255 |   enp0s3  |   UH  |
[   25.591894] cloud-init[910]: ci-info: +-------+-------------+----------+-----------------+-----------+-------+
[   25.607578] cloud-init[910]: ci-info: +++++++++++++++++++Route IPv6 info+++++++++++++++++++
[   25.626800] cloud-init[910]: ci-info: +-------+-------------+---------+-----------+-------+
[   25.645417] cloud-init[910]: ci-info: | Route | Destination | Gateway | Interface | Flags |
[   25.662956] cloud-init[910]: ci-info: +-------+-------------+---------+-----------+-------+
[   25.687313] cloud-init[910]: ci-info: |   1   |  fe80::/64  |    ::   |   enp0s3  |   U   |
[   25.709803] cloud-init[910]: ci-info: |   3   |    local    |    ::   |   enp0s3  |   U   |
[   25.735471] cloud-init[910]: ci-info: |   4   |   ff00::/8  |    ::   |   enp0s3  |   U   |
[   25.757929] cloud-init[910]: ci-info: +-------+-------------+---------+-----------+-------+
[   27.512697] cloud-init[910]: Generating public/private rsa key pair.
[   27.526821] cloud-init[910]: Your identification has been saved in /etc/ssh/ssh_host_rsa_key.
[   27.548771] cloud-init[910]: Your public key has been saved in /etc/ssh/ssh_host_rsa_key.pub.
[   27.562931] cloud-init[910]: The key fingerprint is:
[   27.574061] cloud-init[910]: SHA256:BcIywiZvZT3OFKXUAUzRcpRDb9GVFiTuRo822Ya81SU root@ubuntu-bionic
[   27.587946] cloud-init[910]: The key's randomart image is:
[   27.600162] cloud-init[910]: +---[RSA 2048]----+
[   27.615339] cloud-init[[0;32m  OK  [0m] Started Initial cloud-init job (metadata service crawler).
[[0;32m  OK  [0m] Reached target System Initialization.
[[0;32m  OK  [0m] Started Message of the Day.
[[0;32m  OK  [0m] Listening on D-Bus System Message Bus Socket.
[[0;32m  OK  [0m] Started Daily Cleanup of Temporary Directories.
[[0;32m  OK  [0m] Started Discard unused blocks once a week.
[910]: | .   =BX*o...o+o |
[   27.634736] cloud-init[910]: |. + =.Bo*o o..o  |
[   27.641862] cloud-init[910]: | + + *.+ .+ o.E .|
[[0;32m  OK  [0m] Started Daily apt download activities.
[[0;32m  OK  [0m] Started Ubuntu Advantage Timer for running repeated jobs.
[[0;32m  OK  [0m] Listening on ACPID Listen Socket.
[[0;32m  OK  [0m] Listening on Open-iSCSI iscsid Socket.
[   27.643035] cloud-init[910]: |  o   o  o + * o.|
[   27.654562] cloud-init[910]: | .      S   X = .|
[   27.655767] cloud-init[910]: |           o =   |
[   27.658727] cloud-init[910]: |            .    |
[[0;32m  OK  [0m] Started Daily apt upgrade and clean activities.
         Starting Socket activation for snappy daemon.
         Starting LXD - unix socket.
[[0;32m  OK  [0m] Listening on UUID daemon activation socket.
[   27.718066] cloud-init[910]: |                 |
[   27.734412] cloud-init[910]: |                 |
[[0;32m  OK  [0m] Started ACPI Events Check.
[[0;32m  OK  [0m] Reached target Paths.
[[0;32m  OK  [0m] Listening on cloud-init hotplug hook socket.
[[0;32m  OK  [0m] Reached target Timers.
[[0;32m  OK  [0m] Reached target Network is Online.
[   27.771419]          Starting Availability of block devices...
[[0;32m  OK  [0m] Reached target Remote File Systems (Pre).
[[0;32m  OK  [0m] Reached target Remote File Systems.
[[0;32m  OK  [0m] Reached target Cloud-config availability.
[[0;32m  OK  [0m] Listening on Socket activation for snappy daemon.
[[0;32m  OK  [0m] Listening on LXD - unix socket.
[[0;32m  OK  [0m] Reached target Sockets.
[[0;32m  OK  [0m] Reached target Basic System.
[[0;32m  OK  [0m] Started FUSE filesystem for LXC.
         Starting System Logging Service...
cloud-init         Starting Accounts Service...
[[0;32m  OK  [0m] Started D-Bus System Message Bus.
[910]: +----[SHA256]-----+
[   27.878922] cloud-init[910]: Generating public/private dsa key pair.
[   27.895605] cloud-init[910]: Your identification has been saved in /etc/ssh/ssh_host_dsa_key.
[   27.915316] cloud-init[910]: Your public key has been saved in /etc/ssh/ssh_host_dsa_key.pub.
[   27.931351] cloud-init[910]: The key fingerprint is:
[   27.952648] cloud-init[910]: SHA256:tmfXC58hDvtAoIISOUD6upmOlf3T3U/qzvjwfHzFUHk root@ubuntu-bionic
[   27.970663] cloud-init[910]: The key's randomart image is:
[   27.982473] cloud-init[910]: +---[DSA 1024]----+
[   27.993454] cloud-init[910]: |o.              .|
[   28.006660] cloud-init[910]:          Starting Virtualbox guest utils...
         Starting LXD - container startup/shutdown...
[[0;32m  OK  [0m] Reached target Login Prompts (Pre).
|o.             .E|
         Starting Pollinate to seed the pseudo random number generator...
         Starting LSB: automatic crash report generation...
[   28.058304]          Starting Login Service...
cloud-init[910]: |=       .      ..|
[   28.103516] cloud-init[910]: | + .   . .    .  |
[   28.127551] cloud-init[910]: |. o . . S .    o |
[   28.152638] cloud-init[910]: | o o . . o   .  o|
[   28.165869] cloud-init[910]: |. o .  ...*.+.+ .|
[   28.178674] cloud-init[910]: |.=   .. .o.%.*o+.|
         Starting Dispatcher daemon for systemd-networkd...
         Starting Permit User Sessions...
[   28.209668] cloud-init[910]: |*.    ..  o=@o=. |
[   28.225699] cloud-init[910]: +----[SHA256]-----+
[   28.241819] [[0;32m  OK  [0m] Started irqbalance daemon.
cloud-init[910]: Generating public/private ecdsa key pair.
[   28.269562] cloud-init[910]: Your identification has been saved in /etc/ssh/ssh_host_ecdsa_key.
[   28.290950] cloud-init[910]: Your public key has been saved in /etc/ssh/ssh_host_ecdsa_key.pub.
[   28.318183] cloud-init[910]: The key fingerprint is:
[   28.334345] cloud-init[910]: SHA256:+kvi8YMecDghyDpihJaUskzV2/W/m/HklJ3R2ePZHAI root@ubuntu-bionic
[   28.354248] cloud-init[910]: The key's randomart image is:[[0;32m  OK  [0m] Started Regular background program processing daemon.
         Starting LSB: Record successful boot for GRUB...
[[0;32m  OK  [0m] Started Deferred execution scheduler.

[   28.416638]          Starting Snap Daemon...
cloud-init[[0;32m  OK  [0m] Started System Logging Service.
[[0;32m  OK  [0m] Started Availability of block devices.
[[0;32m  OK  [0m] Started Permit User Sessions.
[910]: +---[ECDSA 256]---+
[   28.491370] cloud-init[910]: | .o..            |
[   28.532944] cloud-init[910]: |=+.  .   .       |
[   28.582496] cloud-init[[0;32m  OK  [0m] Started Login Service.
[[0;32m  OK  [0m] Started Unattended Upgrades Shutdown.
         Starting Authorization Manager...
         Starting Hold until boot process finishes up...
         Starting Terminate Plymouth Boot Screen...
[910]: |**. . o . .E     |[[0;32m  OK  [0m] Started Hold until boot process finishes up.

[   28.661349] cloud-init[[0;32m  OK  [0m] Started Serial Getty on ttyS0.
         Starting Set console scheme...
[910]: |=. . + .   ..   +|[[0;32m  OK  [0m] Started Terminate Plymouth Boot Screen.

[   28.715614] cloud-init[910]: |+.  + . S   .. =o|
[   28.762639] cloud-init[910]: |o.   + .     .o.X|
[   28.779403] cloud-init[910]: |      =..    ..B+|
[   28.808465] cloud-init[910]: |     ..B.    .B  |
[[0;32m  OK  [0m] Started Set console scheme.
[[0;32m  OK  [0m] Created slice system-getty.slice.
[[0;32m  OK  [0m] Started Getty on tty1.
[[   28.886290] [0;32m  OK  [0m] Reached target Login Prompts.cloud-init[910]: |     .o +o   o.o |

[   28.921447] cloud-init[910]: +----[SHA256]-----+
[   28.934728] cloud-init[910]: Generating public/private ed25519 key pair.
[   28.949571] cloud-init[910]: [Your identification has been saved in /etc/ssh/ssh_host_ed25519_key.[0;32m  OK  [0m] Started LSB: automatic crash report generation.

[   28.998980] cloud-init[910]: Your public key has been saved in /etc/ssh/ssh_host_ed25519_key.pub.
[   29.040908] cloud-init[910]: The key fingerprint is:
[   29.057765] [[0;32m  OK  [0m] Started LSB: Record successful boot for GRUB.
cloud-init[910]: SHA256:qnyTuOk4uQbK9RwmsJzxXD+gsuWTX84JKktBw1+N194 root@ubuntu-bionic
[   29.133901] cloud-init[[0;32m  OK  [0m] Started Authorization Manager.
[[0;32m  OK  [0m] Started Accounts Service.
[910]: The key's randomart image is:
[   29.230642] cloud-init[910]: +--[ED25519 256]--+
[   29.271746] cloud-init[910]: |                 |
[   29.369493] cloud-init[910]: |.     o .        |
[   29.470491] cloud-init[910]: | +   o o .       |
[   29.486371] cloud-init[910]: |.oo .o. . .      |
[   29.503616] cloud-init[910]: |..B.o o S. E     |
[   29.522412] cloud-init[910]: |.=.B o +         |
[   29.543043] cloud-init[910]: |oo*.*ooo.        |
[   29.569050] cloud-init[910]: |o++*o=O .        |
[   29.600528] cloud-init[910]: | o==O+ =         |
[   29.630668] cloud-init[910]: +----[SHA256]-----+
[[0;32m  OK  [0m] Started LXD - container startup/shutdown.
[[0;32m  OK  [0m] Started Virtualbox guest utils.
[[0;32m  OK  [0m] Started Dispatcher daemon for systemd-networkd.
[[0;32m  OK  [0m] Started Pollinate to seed the pseudo random number generator.
         Starting OpenBSD Secure Shell server...
[[0;32m  OK  [0m] Started OpenBSD Secure Shell server.
[[0;32m  OK  [0m] Started Snap Daemon.
         Starting Wait until snapd is fully seeded...
[[0;32m  OK  [0m] Created slice User Slice of vagrant.
         Starting User Manager for UID 1000...
[[0;32m  OK  [0m] Started Session 1 of user vagrant.
[[0;32m  OK  [0m] Started User Manager for UID 1000.

Ubuntu 18.04.6 LTS ubuntu-bionic ttyS0

ubuntu-bionic login: [   41.941804] cloud-init[1430]: Cloud-init v. 23.1.2-0ubuntu0~18.04.1 running 'modules:config' at Tue, 04 Jun 2024 09:28:37 +0000. Up 38.74 seconds.
ci-info: no authorized SSH keys fingerprints found for user ubuntu.
<14>Jun  4 09:28:42 cloud-init: #############################################################
<14>Jun  4 09:28:42 cloud-init: -----BEGIN SSH HOST KEY FINGERPRINTS-----
<14>Jun  4 09:28:42 cloud-init: 1024 SHA256:tmfXC58hDvtAoIISOUD6upmOlf3T3U/qzvjwfHzFUHk root@ubuntu-bionic (DSA)
<14>Jun  4 09:28:42 cloud-init: 256 SHA256:+kvi8YMecDghyDpihJaUskzV2/W/m/HklJ3R2ePZHAI root@ubuntu-bionic (ECDSA)
<14>Jun  4 09:28:42 cloud-init: 256 SHA256:qnyTuOk4uQbK9RwmsJzxXD+gsuWTX84JKktBw1+N194 root@ubuntu-bionic (ED25519)
<14>Jun  4 09:28:42 cloud-init: 2048 SHA256:BcIywiZvZT3OFKXUAUzRcpRDb9GVFiTuRo822Ya81SU root@ubuntu-bionic (RSA)
<14>Jun  4 09:28:42 cloud-init: -----END SSH HOST KEY FINGERPRINTS-----
<14>Jun  4 09:28:42 cloud-init: #############################################################
-----BEGIN SSH HOST KEY KEYS-----
ecdsa-sha2-nistp256 AAAAE2VjZHNhLXNoYTItbmlzdHAyNTYAAAAIbmlzdHAyNTYAAABBBMRIkpfZT2xsp3mjQHvZExz8WV9/sEvdtLDH2yxedz1STHpSubIFc+JOkkOyx8MDkFktIzhsvzEbbMXTU5rdxPI= root@ubuntu-bionic
ssh-ed25519 AAAAC3NzaC1lZDI1NTE5AAAAIEUlk65meTfnPQysoRnDa9SYJIif+bIbf2Eupp8rSz/G root@ubuntu-bionic
ssh-rsa AAAAB3NzaC1yc2EAAAADAQABAAABAQCvQC4KhJEq3an3T+JgCQX3O6jhNJ3JNmezRsAe4IGXfo2IjFhUkUwkivJEUQTd/tAzquMXE3H2D+9lPJGDLw949wjf6JLR4dT59g3tEZnxfRsrSTbRZPBeAdEU8bFoT+28CfvBOHyDFtmYJYE8biL+IheO0pm9spB60H94mYsIYaXmwYZzbHu6rA7GFm16mzYPVW7NCJdfEC6ttnjweEJBwzXkX5t77lh02VO6A7oHGaz0/k5AzPJS+hvhzY4NRoMBmtDwMOfAibHoPftEwWyF1ReJxOMUmhtzyfl7gHwAOVLbHZqL/cIQaIpLChXK7ZQeGfH8bw+zWxoU5j12Z8id root@ubuntu-bionic
-----END SSH HOST KEY KEYS-----
[   43.874173] cloud-init[1576]: Cloud-init v. 23.1.2-0ubuntu0~18.04.1 running 'modules:final' at Tue, 04 Jun 2024 09:28:41 +0000. Up 43.39 seconds.
[   43.874394] cloud-init[1576]: Cloud-init v. 23.1.2-0ubuntu0~18.04.1 finished at Tue, 04 Jun 2024 09:28:42 +0000. Datasource DataSourceNoCloud [seed=/dev/sdb][dsmode=net].  Up 43.85 seconds
[[0;32m  OK  [0m] Stopped Unattended Upgrades Shutdown.
         Stopping Session 26 of user vagrant.
[[0;32m  OK  [0m] Closed Load/Save RF Kill Switch Status /dev/rfkill Watch.
         Stopping Availability of block devices...
         Stopping Authorization Manager...
[[0;32m  OK  [0m] Stopped target Timers.
[[0;32m  OK  [0m] Stopped Discard unused blocks once a week.
[[0;32m  OK  [0m] Stopped Message of the Day.
[[0;32m  OK  [0m] Stopped Daily Cleanup of Temporary Directories.
[[0;32m  OK  [0m] Stopped target Cloud-init target.
[[0;32m  OK  [0m] Stopped Execute cloud user/final scripts.
[[0;32m  OK  [0m] Stopped Apply the settings specified in cloud-config.
[[0;32m  OK  [0m] Stopped target Cloud-config availability.
[[0;32m  OK  [0m] Stopped Daily apt upgrade and clean activities.
[[0;32m  OK  [0m] Stopped Daily apt download activities.
[[0;32m  OK  [0m] Stopped target System Time Synchronized.
[[0;32m  OK  [0m] Stopped Ubuntu Advantage Timer for running repeated jobs.
[[0;32m  OK  [0m] Stopped target Graphical Interface.
[[0;32m  OK  [0m] Stopped target Multi-User System.
         Stopping The Apache HTTP Server...
         Stopping Dispatcher daemon for systemd-networkd...
         Stopping OpenBSD Secure Shell server...
         Stopping FUSE filesystem for LXC...
         Stopping Deferred execution scheduler...
         Stopping Regular background program processing daemon...
[[0;32m  OK  [0m] Stopped Wait until snapd is fully seeded.
         Stopping LXD - container startup/shutdown...
         Stopping D-Bus System Message Bus...
[[0;32m  OK  [0m] Stopped target Login Prompts.
         Stopping Getty on tty1...
         Stopping Serial Getty on ttyS0...
         Stopping irqbalance daemon...
         Stopping Virtualbox guest utils...
         Stopping System Logging Service...
         Stopping LSB: automatic crash report generation...
         Stopping Accounts Service...
         Stopping LSB: Record successful boot for GRUB...
         Stopping User Manager for UID 1000...
[[0;32m  OK  [0m] Stopped irqbalance daemon.
[[0;32m  OK  [0m] Unmounted /var/lib/lxcfs.
[[0;32m  OK  [0m] Stopped Regular background program processing daemon.
[[0;32m  OK  [0m] Stopped Dispatcher daemon for systemd-networkd.
[[0;32m  OK  [0m] Stopped Deferred execution scheduler.
[[0;32m  OK  [0m] Stopped Authorization Manager.
[[0;32m  OK  [0m] Stopped Serial Getty on ttyS0.
[[0;32m  OK  [0m] Stopped Accounts Service.
[[0;32m  OK  [0m] Stopped Getty on tty1.
[[0;32m  OK  [0m] Stopped OpenBSD Secure Shell server.
[[0;32m  OK  [0m] Stopped User Manager for UID 1000.
[[0;32m  OK  [0m] Stopped System Logging Service.
[[0;32m  OK  [0m] Stopped Availability of block devices.
[[0;32m  OK  [0m] Stopped D-Bus System Message Bus.
[[0;32m  OK  [0m] Stopped FUSE filesystem for LXC.
[[0;32m  OK  [0m] Stopped Session 26 of user vagrant.
[[0;32m  OK  [0m] Stopped LXD - container startup/shutdown.
[[0;32m  OK  [0m] Removed slice User Slice of vagrant.
         Stopping Login Service...
[[0;32m  OK  [0m] Removed slice system-getty.slice.
[[0;32m  OK  [0m] Stopped target Login Prompts (Pre).
[[0;32m  OK  [0m] Removed slice system-serial\x2dgetty.slice.
         Stopping Permit User Sessions...
[[0;32m  OK  [0m] Stopped LSB: Record successful boot for GRUB.
[[0;32m  OK  [0m] Stopped LSB: automatic crash report generation.
[[0;32m  OK  [0m] Stopped Permit User Sessions.
[[0;32m  OK  [0m] Stopped Virtualbox guest utils.
[[0;32m  OK  [0m] Stopped Login Service.
[[0;32m  OK  [0m] Stopped The Apache HTTP Server.
[[0;32m  OK  [0m] Stopped target Remote File Systems.
         Unmounting /vagrant...
[[0;32m  OK  [0m] Stopped target Host and Network Name Lookups.
[[0;32m  OK  [0m] Stopped target User and Group Name Lookups.
[[0;32m  OK  [0m] Stopped target Basic System.
[[0;32m  OK  [0m] Stopped target Sockets.
[[0;32m  OK  [0m] Closed cloud-init hotplug hook socket.
[[0;32m  OK  [0m] Closed Syslog Socket.
[[0;32m  OK  [0m] Closed UUID daemon activation socket.
[[0;32m  OK  [0m] Closed ACPID Listen Socket.
[[0;32m  OK  [0m] Closed Open-iSCSI iscsid Socket.
[[0;32m  OK  [0m] Closed LXD - unix socket.
[[0;32m  OK  [0m] Closed Socket activation for snappy daemon.
[[0;32m  OK  [0m] Closed D-Bus System Message Bus Socket.
[[0;32m  OK  [0m] Stopped target Slices.
[[0;32m  OK  [0m] Removed slice User and Session Slice.
[[0;32m  OK  [0m] Stopped target Paths.
[[0;32m  OK  [0m] Stopped ACPI Events Check.
[[0;32m  OK  [0m] Stopped target System Initialization.
[[0;32m  OK  [0m] Stopped Commit a transient machine-id on disk.
[[0;32m  OK  [0m] Stopped target Local Encrypted Volumes.
[[0;32m  OK  [0m] Stopped Dispatch Password Requests to Console Directory Watch.
[[0;32m  OK  [0m] Stopped Forward Password Requests to Wall Directory Watch.
         Stopping Load/Save Random Seed...
         Stopping Update UTMP about System Boot/Shutdown...
[[0;32m  OK  [0m] Unmounted /vagrant.
[[0;32m  OK  [0m] Stopped Load/Save Random Seed.
[[0;32m  OK  [0m] Stopped target Remote File Systems (Pre).
[[0;32m  OK  [0m] Stopped target Network is Online.
[[0;32m  OK  [0m] Stopped Initial cloud-init job (metadata service crawler).
[[0;32m  OK  [0m] Stopped target Network.
         Stopping Network Name Resolution...
[[0;32m  OK  [0m] Stopped Update UTMP about System Boot/Shutdown.
[[0;32m  OK  [0m] Stopped Network Name Resolution.
[[0;32m  OK  [0m] Stopped Create Volatile Files and Directories.
[[0;32m  OK  [0m] Stopped target Local File Systems.
[[0;32m  OK  [0m] Stopped target Mounted snaps.
[[0;32m  OK  [0m] Stopped target Mounting snaps.
         Unmounting /run/user/1000...
         Stopping Network Service...
[[0;32m  OK  [0m] Unmounted /run/user/1000.
[[0;32m  OK  [0m] Reached target Unmount All Filesystems.
[[0;32m  OK  [0m] Stopped target Local File Systems (Pre).
         Stopping Monitoring of LVM2 mirrors…ng dmeventd or progress polling...
[[0;32m  OK  [0m] Stopped Create Static Device Nodes in /dev.
[[0;32m  OK  [0m] Stopped target Swap.
[[0;32m  OK  [0m] Stopped Monitoring of LVM2 mirrors,…sing dmeventd or progress polling.
         Stopping LVM2 metadata daemon...
[[0;32m  OK  [0m] Stopped LVM2 metadata daemon.
[[0;32m  OK  [0m] Stopped Network Service.
[[0;32m  OK  [0m] Stopped Apply Kernel Variables.
[[0;32m  OK  [0m] Stopped Load Kernel Modules.
[[0;32m  OK  [0m] Stopped target Network (Pre).
[[0;32m  OK  [0m] Stopped Initial cloud-init job (pre-networking).
[[0;32m  OK  [0m] Stopped Remount Root and Kernel File Systems.
[[0;32m  OK  [0m] Reached target Shutdown.
[[0;32m  OK  [0m] Reached target Final Step.
         Starting Power-Off...
[ 6459.661974] reboot: Power down
